%!Adobe-FontList 1.23
%Locale:0x409

%BeginFont
Handler:DirectoryHandler
FontType:Type1
FontName:MinionPro-Bold
FamilyName:Minion Pro
StyleName:Bold
FullName:Minion Pro Bold
MenuName:Minion Pro
StyleBits:2
WritingScript:Roman
OutlineFileName:C:\Users\travi\Documents\GitHub\IDM-205\Lessons\Lesson04\Document fonts\MinionPro-Bold.otf
DataFormat:sfntData
UsesStandardEncoding:yes
isCFF:yes
hasSVG:no
VariableFontType:NonVariableFont
FileLength:218116
FileModTime:1680235031
WeightClass:700
WidthClass:5
AngleClass:0
DesignSize:110
NameArray:0,Mac,4,Minion Pro Bold
NameArray:0,Win,1,Minion Pro
%EndFont

%BeginFont
Handler:DirectoryHandler
FontType:Type1
FontName:MinionPro-BoldIt
FamilyName:Minion Pro
StyleName:Bold Italic
FullName:Minion Pro Bold Italic
MenuName:Minion Pro
StyleBits:3
WritingScript:Roman
OutlineFileName:C:\Users\travi\Documents\GitHub\IDM-205\Lessons\Lesson04\Document fonts\MinionPro-BoldIt.otf
DataFormat:sfntData
UsesStandardEncoding:yes
isCFF:yes
hasSVG:no
VariableFontType:NonVariableFont
FileLength:258972
FileModTime:1680235031
WeightClass:700
WidthClass:5
AngleClass:1
DesignSize:110
NameArray:0,Mac,18,Minion Pro Bold Ital
NameArray:0,Mac,4,Minion Pro Bold Italic
NameArray:0,Win,1,Minion Pro
%EndFont

%BeginFont
Handler:DirectoryHandler
FontType:Type1
FontName:MyriadPro-Bold
FamilyName:Myriad Pro
StyleName:Bold
FullName:Myriad Pro Bold
MenuName:Myriad Pro
StyleBits:2
WritingScript:Roman
OutlineFileName:C:\Users\travi\Documents\GitHub\IDM-205\Lessons\Lesson04\Document fonts\MyriadPro-Bold.otf
DataFormat:sfntData
UsesStandardEncoding:yes
isCFF:yes
hasSVG:no
VariableFontType:NonVariableFont
FileLength:81436
FileModTime:1680235031
WeightClass:700
WidthClass:5
AngleClass:0
NameArray:0,Mac,4,Myriad Pro Bold
NameArray:0,Win,1,Myriad Pro
%EndFont

%BeginFont
Handler:DirectoryHandler
FontType:Type1
FontName:MyriadPro-BoldIt
FamilyName:Myriad Pro
StyleName:Bold Italic
FullName:Myriad Pro Bold Italic
MenuName:Myriad Pro
StyleBits:3
WritingScript:Roman
OutlineFileName:C:\Users\travi\Documents\GitHub\IDM-205\Lessons\Lesson04\Document fonts\MyriadPro-BoldIt.otf
DataFormat:sfntData
UsesStandardEncoding:yes
isCFF:yes
hasSVG:no
VariableFontType:NonVariableFont
FileLength:99304
FileModTime:1680235031
WeightClass:700
WidthClass:5
AngleClass:1
DesignSize:110
NameArray:0,Mac,18,Myriad Pro Bold It
NameArray:0,Mac,4,Myriad Pro Bold Italic
NameArray:0,Win,1,Myriad Pro
%EndFont

%BeginFont
Handler:DirectoryHandler
FontType:Type1
FontName:MyriadPro-Regular
FamilyName:Myriad Pro
StyleName:Regular
FullName:Myriad Pro
MenuName:Myriad Pro
StyleBits:0
WritingScript:Roman
OutlineFileName:C:\Users\travi\Documents\GitHub\IDM-205\Lessons\Lesson04\Document fonts\MyriadPro-Regular.otf
DataFormat:sfntData
UsesStandardEncoding:yes
isCFF:yes
hasSVG:no
VariableFontType:NonVariableFont
FileLength:79364
FileModTime:1680235031
WeightClass:400
WidthClass:5
AngleClass:0
NameArray:0,Mac,4,Myriad Pro
NameArray:0,Win,1,Myriad Pro
%EndFont

